Got permission denied while trying to connect to the Docker daemon socket at unix:///var/run/docker.sock: Post "http://%2Fvar%2Frun%2Fdocker.sock/v1.24/images/create?fromImage=ocdr%2Fdkubeadm&tag=3.3.0.7": dial unix /var/run/docker.sock: connect: permission denied
3.3.0.7: Pulling from ocdr/dkubeadm
11323ed2c653: Already exists
fd95f9c18853: Pulling fs layer
a42d2a57f776: Pulling fs layer
64db42724584: Pulling fs layer
f8a505603d11: Pulling fs layer
57c85baf00ef: Pulling fs layer
411eb492064a: Pulling fs layer
d8c9c78b446f: Pulling fs layer
8ce93a5b10ad: Pulling fs layer
d9525305ad0a: Pulling fs layer
bbe13dafa33d: Pulling fs layer
3675d289934c: Pulling fs layer
89d15cae13ff: Pulling fs layer
bc977a6e333a: Pulling fs layer
4f191fc044aa: Pulling fs layer
f70d7b64190e: Pulling fs layer
249f80d9aae6: Pulling fs layer
39e45eac9744: Pulling fs layer
eb03d8c004b8: Pulling fs layer
411eb492064a: Waiting
c45ba0737016: Pulling fs layer
d8c9c78b446f: Waiting
83a2346af59d: Pulling fs layer
8ce93a5b10ad: Waiting
d0610bc82b90: Pulling fs layer
55c8cbe677b4: Pulling fs layer
1cd21d1d4947: Pulling fs layer
458d93bccd1d: Pulling fs layer
1ab9272fa557: Pulling fs layer
364602512c23: Pulling fs layer
4f191fc044aa: Waiting
da463f6bc176: Pulling fs layer
d9525305ad0a: Waiting
7deb5b77c19b: Pulling fs layer
bbe13dafa33d: Waiting
51234c995a6f: Pulling fs layer
f8a505603d11: Waiting
999ac5af92f0: Pulling fs layer
f70d7b64190e: Waiting
3675d289934c: Waiting
38e3a056fb62: Pulling fs layer
3ac594370064: Pulling fs layer
1b9a7cea8174: Pulling fs layer
249f80d9aae6: Waiting
89d15cae13ff: Waiting
a3c83e85e347: Pulling fs layer
cf371a4ff6c3: Pulling fs layer
83a2346af59d: Waiting
c52f77b93c5d: Pulling fs layer
2981f14ae514: Pulling fs layer
39e45eac9744: Waiting
bc977a6e333a: Waiting
949d2bf5a116: Pulling fs layer
afcff9401ccc: Pulling fs layer
eb03d8c004b8: Waiting
c45ba0737016: Waiting
30efd1401d23: Pulling fs layer
1cd21d1d4947: Waiting
d0610bc82b90: Waiting
b2f92f19b544: Pulling fs layer
da463f6bc176: Waiting
ce1118066ba3: Pulling fs layer
38e3a056fb62: Waiting
cf371a4ff6c3: Waiting
3e83677a5e69: Pulling fs layer
c52f77b93c5d: Waiting
f85390456c4d: Pulling fs layer
80840455281f: Pulling fs layer
5f3ed34fd3c4: Pulling fs layer
2981f14ae514: Waiting
55c8cbe677b4: Waiting
8af0e92788df: Pulling fs layer
458d93bccd1d: Waiting
6bf0f7cc5fff: Pulling fs layer
1711d597db1b: Pulling fs layer
091282336718: Pulling fs layer
1ab9272fa557: Waiting
a3c83e85e347: Waiting
57c85baf00ef: Waiting
770d61fbf8b8: Pulling fs layer
15578b087bd1: Pulling fs layer
30efd1401d23: Waiting
a2f009f32811: Pulling fs layer
61f4c5801ffb: Pulling fs layer
b2f92f19b544: Waiting
364602512c23: Waiting
b0af1354dee3: Pulling fs layer
afcff9401ccc: Waiting
599eb4478750: Pulling fs layer
86f54e72647c: Pulling fs layer
999ac5af92f0: Waiting
6f52b95794e5: Pulling fs layer
2cae4ff60fe5: Pulling fs layer
1711d597db1b: Waiting
51234c995a6f: Waiting
091282336718: Waiting
15578b087bd1: Waiting
5f3ed34fd3c4: Waiting
a2f009f32811: Waiting
8af0e92788df: Waiting
599eb4478750: Waiting
6bf0f7cc5fff: Waiting
e70482598684: Pulling fs layer
61f4c5801ffb: Waiting
86f54e72647c: Waiting
f85390456c4d: Waiting
80840455281f: Waiting
82fab6ad95a6: Pulling fs layer
2cae4ff60fe5: Waiting
e70482598684: Waiting
82fab6ad95a6: Waiting
3e83677a5e69: Waiting
6f52b95794e5: Waiting
a42d2a57f776: Verifying Checksum
a42d2a57f776: Download complete
64db42724584: Verifying Checksum
64db42724584: Download complete
57c85baf00ef: Verifying Checksum
57c85baf00ef: Download complete
411eb492064a: Download complete
f8a505603d11: Verifying Checksum
f8a505603d11: Download complete
8ce93a5b10ad: Verifying Checksum
8ce93a5b10ad: Download complete
fd95f9c18853: Verifying Checksum
fd95f9c18853: Download complete
bbe13dafa33d: Verifying Checksum
bbe13dafa33d: Download complete
d8c9c78b446f: Verifying Checksum
d8c9c78b446f: Download complete
3675d289934c: Verifying Checksum
3675d289934c: Download complete
d9525305ad0a: Verifying Checksum
d9525305ad0a: Download complete
4f191fc044aa: Verifying Checksum
4f191fc044aa: Download complete
bc977a6e333a: Verifying Checksum
bc977a6e333a: Download complete
f70d7b64190e: Download complete
249f80d9aae6: Verifying Checksum
249f80d9aae6: Download complete
39e45eac9744: Verifying Checksum
39e45eac9744: Download complete
89d15cae13ff: Verifying Checksum
89d15cae13ff: Download complete
eb03d8c004b8: Verifying Checksum
eb03d8c004b8: Download complete
d0610bc82b90: Verifying Checksum
d0610bc82b90: Download complete
83a2346af59d: Verifying Checksum
83a2346af59d: Download complete
55c8cbe677b4: Verifying Checksum
55c8cbe677b4: Download complete
c45ba0737016: Verifying Checksum
c45ba0737016: Download complete
1cd21d1d4947: Verifying Checksum
1cd21d1d4947: Download complete
458d93bccd1d: Verifying Checksum
458d93bccd1d: Download complete
364602512c23: Download complete
da463f6bc176: Download complete
7deb5b77c19b: Download complete
51234c995a6f: Verifying Checksum
51234c995a6f: Download complete
999ac5af92f0: Download complete
38e3a056fb62: Download complete
3ac594370064: Verifying Checksum
3ac594370064: Download complete
1b9a7cea8174: Verifying Checksum
1b9a7cea8174: Download complete
a3c83e85e347: Verifying Checksum
a3c83e85e347: Download complete
cf371a4ff6c3: Download complete
c52f77b93c5d: Verifying Checksum
c52f77b93c5d: Download complete
2981f14ae514: Verifying Checksum
2981f14ae514: Download complete
afcff9401ccc: Verifying Checksum
afcff9401ccc: Download complete
949d2bf5a116: Download complete
b2f92f19b544: Download complete
30efd1401d23: Verifying Checksum
30efd1401d23: Download complete
3e83677a5e69: Verifying Checksum
3e83677a5e69: Download complete
ce1118066ba3: Verifying Checksum
ce1118066ba3: Download complete
f85390456c4d: Download complete
80840455281f: Download complete
8af0e92788df: Download complete
5f3ed34fd3c4: Verifying Checksum
5f3ed34fd3c4: Download complete
6bf0f7cc5fff: Verifying Checksum
6bf0f7cc5fff: Download complete
1711d597db1b: Verifying Checksum
1711d597db1b: Download complete
091282336718: Verifying Checksum
091282336718: Download complete
fd95f9c18853: Pull complete
15578b087bd1: Verifying Checksum
15578b087bd1: Download complete
770d61fbf8b8: Download complete
a42d2a57f776: Pull complete
1ab9272fa557: Download complete
a2f009f32811: Verifying Checksum
a2f009f32811: Download complete
61f4c5801ffb: Verifying Checksum
61f4c5801ffb: Download complete
599eb4478750: Verifying Checksum
599eb4478750: Download complete
b0af1354dee3: Verifying Checksum
b0af1354dee3: Download complete
64db42724584: Pull complete
86f54e72647c: Verifying Checksum
86f54e72647c: Download complete
6f52b95794e5: Verifying Checksum
6f52b95794e5: Download complete
2cae4ff60fe5: Verifying Checksum
2cae4ff60fe5: Download complete
e70482598684: Verifying Checksum
e70482598684: Download complete
f8a505603d11: Pull complete
57c85baf00ef: Pull complete
411eb492064a: Pull complete
82fab6ad95a6: Verifying Checksum
82fab6ad95a6: Download complete
d8c9c78b446f: Pull complete
8ce93a5b10ad: Pull complete
d9525305ad0a: Pull complete
bbe13dafa33d: Pull complete
3675d289934c: Pull complete
89d15cae13ff: Pull complete
bc977a6e333a: Pull complete
4f191fc044aa: Pull complete
f70d7b64190e: Pull complete
249f80d9aae6: Pull complete
39e45eac9744: Pull complete
eb03d8c004b8: Pull complete
c45ba0737016: Pull complete
83a2346af59d: Pull complete
d0610bc82b90: Pull complete
55c8cbe677b4: Pull complete
1cd21d1d4947: Pull complete
458d93bccd1d: Pull complete
1ab9272fa557: Pull complete
364602512c23: Pull complete
da463f6bc176: Pull complete
7deb5b77c19b: Pull complete
51234c995a6f: Pull complete
999ac5af92f0: Pull complete
38e3a056fb62: Pull complete
3ac594370064: Pull complete
1b9a7cea8174: Pull complete
a3c83e85e347: Pull complete
cf371a4ff6c3: Pull complete
c52f77b93c5d: Pull complete
2981f14ae514: Pull complete
949d2bf5a116: Pull complete
afcff9401ccc: Pull complete
30efd1401d23: Pull complete
b2f92f19b544: Pull complete
ce1118066ba3: Pull complete
3e83677a5e69: Pull complete
f85390456c4d: Pull complete
80840455281f: Pull complete
5f3ed34fd3c4: Pull complete
8af0e92788df: Pull complete
6bf0f7cc5fff: Pull complete
1711d597db1b: Pull complete
091282336718: Pull complete
770d61fbf8b8: Pull complete
15578b087bd1: Pull complete
a2f009f32811: Pull complete
61f4c5801ffb: Pull complete
b0af1354dee3: Pull complete
599eb4478750: Pull complete
86f54e72647c: Pull complete
6f52b95794e5: Pull complete
2cae4ff60fe5: Pull complete
e70482598684: Pull complete
